[     108ms] [WARNING] The `integrity` attribute is currently ignored for preload destinations that do not support subresource integrity. See https://crbug.com/981419 for more information @ http://localhost:3001/:8
[     145ms] Unexpected token '<'
[     152ms] Unexpected token '<'
[     152ms] Unexpected token '<'
[     153ms] Unexpected token '<'
[     195ms] [WARNING] Failed to decode downloaded font: http://localhost:3001/fonts/inter-700.woff2 @ http://localhost:3001/:0
[     195ms] [WARNING] OTS parsing error: invalid sfntVersion: 1008813135 @ http://localhost:3001/:0
[     195ms] [WARNING] Failed to decode downloaded font: http://localhost:3001/fonts/inter-600.woff2 @ http://localhost:3001/:0
[     195ms] [WARNING] OTS parsing error: invalid sfntVersion: 1008813135 @ http://localhost:3001/:0
[     195ms] [WARNING] Failed to decode downloaded font: http://localhost:3001/fonts/inter-500.woff2 @ http://localhost:3001/:0
[     195ms] [WARNING] OTS parsing error: invalid sfntVersion: 1008813135 @ http://localhost:3001/:0
[     195ms] [WARNING] Failed to decode downloaded font: http://localhost:3001/fonts/inter-400.woff2 @ http://localhost:3001/:0
[     195ms] [WARNING] OTS parsing error: invalid sfntVersion: 1008813135 @ http://localhost:3001/:0
[     195ms] [WARNING] Failed to decode downloaded font: http://localhost:3001/fonts/jetbrains-mono-500.woff2 @ http://localhost:3001/:0
[     195ms] [WARNING] OTS parsing error: invalid sfntVersion: 1008813135 @ http://localhost:3001/:0
[     195ms] [WARNING] Failed to decode downloaded font: http://localhost:3001/fonts/jetbrains-mono-400.woff2 @ http://localhost:3001/:0
[     195ms] [WARNING] OTS parsing error: invalid sfntVersion: 1008813135 @ http://localhost:3001/:0
[    2136ms] TypeError: Cannot read properties of undefined (reading 'runAllTests')
    at http://localhost:3001/:21:38
[   40329ms] [ERROR] WebSocket connection to 'ws://localhost:9090/api/events/ws' failed: Error in connection establishment: net::ERR_CONNECTION_REFUSED @ http://localhost:3001/at-leptos-ui-586d8b1e815a2f3d.js:557
[   40330ms] [WARNING] [events] WebSocket error @ http://localhost:3001/at-leptos-ui-586d8b1e815a2f3d.js:812
[   41334ms] [ERROR] WebSocket connection to 'ws://localhost:9090/api/events/ws' failed: Error in connection establishment: net::ERR_CONNECTION_REFUSED @ http://localhost:3001/at-leptos-ui-586d8b1e815a2f3d.js:557
[   41334ms] [WARNING] [events] WebSocket error @ http://localhost:3001/at-leptos-ui-586d8b1e815a2f3d.js:812
[   42340ms] [ERROR] WebSocket connection to 'ws://localhost:9090/api/events/ws' failed: Error in connection establishment: net::ERR_CONNECTION_REFUSED @ http://localhost:3001/at-leptos-ui-586d8b1e815a2f3d.js:557
[   42340ms] [WARNING] [events] WebSocket error @ http://localhost:3001/at-leptos-ui-586d8b1e815a2f3d.js:812
[   43342ms] [ERROR] WebSocket connection to 'ws://localhost:9090/api/events/ws' failed: Error in connection establishment: net::ERR_CONNECTION_REFUSED @ http://localhost:3001/at-leptos-ui-586d8b1e815a2f3d.js:557
[   43342ms] [WARNING] [events] WebSocket error @ http://localhost:3001/at-leptos-ui-586d8b1e815a2f3d.js:812
[   44344ms] [ERROR] WebSocket connection to 'ws://localhost:9090/api/events/ws' failed: Error in connection establishment: net::ERR_CONNECTION_REFUSED @ http://localhost:3001/at-leptos-ui-586d8b1e815a2f3d.js:557
[   44344ms] [WARNING] [events] WebSocket error @ http://localhost:3001/at-leptos-ui-586d8b1e815a2f3d.js:812
[   45353ms] [ERROR] WebSocket connection to 'ws://localhost:9090/api/events/ws' failed: Error in connection establishment: net::ERR_CONNECTION_REFUSED @ http://localhost:3001/at-leptos-ui-586d8b1e815a2f3d.js:557
[   45353ms] [WARNING] [events] WebSocket error @ http://localhost:3001/at-leptos-ui-586d8b1e815a2f3d.js:812
[   46355ms] [ERROR] WebSocket connection to 'ws://localhost:9090/api/events/ws' failed: Error in connection establishment: net::ERR_CONNECTION_REFUSED @ http://localhost:3001/at-leptos-ui-586d8b1e815a2f3d.js:557
[   46356ms] [WARNING] [events] WebSocket error @ http://localhost:3001/at-leptos-ui-586d8b1e815a2f3d.js:812
[   47357ms] [ERROR] WebSocket connection to 'ws://localhost:9090/api/events/ws' failed: Error in connection establishment: net::ERR_CONNECTION_REFUSED @ http://localhost:3001/at-leptos-ui-586d8b1e815a2f3d.js:557
[   47358ms] [WARNING] [events] WebSocket error @ http://localhost:3001/at-leptos-ui-586d8b1e815a2f3d.js:812
[   48364ms] [ERROR] WebSocket connection to 'ws://localhost:9090/api/events/ws' failed: Error in connection establishment: net::ERR_CONNECTION_REFUSED @ http://localhost:3001/at-leptos-ui-586d8b1e815a2f3d.js:557
[   48364ms] [WARNING] [events] WebSocket error @ http://localhost:3001/at-leptos-ui-586d8b1e815a2f3d.js:812
[   49370ms] [ERROR] WebSocket connection to 'ws://localhost:9090/api/events/ws' failed: Error in connection establishment: net::ERR_CONNECTION_REFUSED @ http://localhost:3001/at-leptos-ui-586d8b1e815a2f3d.js:557
[   49370ms] [WARNING] [events] WebSocket error @ http://localhost:3001/at-leptos-ui-586d8b1e815a2f3d.js:812
[   50379ms] [ERROR] WebSocket connection to 'ws://localhost:9090/api/events/ws' failed: Error in connection establishment: net::ERR_CONNECTION_REFUSED @ http://localhost:3001/at-leptos-ui-586d8b1e815a2f3d.js:557
[   50379ms] [WARNING] [events] WebSocket error @ http://localhost:3001/at-leptos-ui-586d8b1e815a2f3d.js:812
[   51385ms] [ERROR] WebSocket connection to 'ws://localhost:9090/api/events/ws' failed: Error in connection establishment: net::ERR_CONNECTION_REFUSED @ http://localhost:3001/at-leptos-ui-586d8b1e815a2f3d.js:557
[   51385ms] [WARNING] [events] WebSocket error @ http://localhost:3001/at-leptos-ui-586d8b1e815a2f3d.js:812
[   52399ms] [ERROR] WebSocket connection to 'ws://localhost:9090/api/events/ws' failed: Error in connection establishment: net::ERR_CONNECTION_REFUSED @ http://localhost:3001/at-leptos-ui-586d8b1e815a2f3d.js:557
[   52399ms] [WARNING] [events] WebSocket error @ http://localhost:3001/at-leptos-ui-586d8b1e815a2f3d.js:812
[   53413ms] [ERROR] WebSocket connection to 'ws://localhost:9090/api/events/ws' failed: Error in connection establishment: net::ERR_CONNECTION_REFUSED @ http://localhost:3001/at-leptos-ui-586d8b1e815a2f3d.js:557
[   53414ms] [WARNING] [events] WebSocket error @ http://localhost:3001/at-leptos-ui-586d8b1e815a2f3d.js:812
[   54445ms] [ERROR] WebSocket connection to 'ws://localhost:9090/api/events/ws' failed: Error in connection establishment: net::ERR_CONNECTION_REFUSED @ http://localhost:3001/at-leptos-ui-586d8b1e815a2f3d.js:557
[   54445ms] [WARNING] [events] WebSocket error @ http://localhost:3001/at-leptos-ui-586d8b1e815a2f3d.js:812
[   55473ms] [ERROR] WebSocket connection to 'ws://localhost:9090/api/events/ws' failed: Error in connection establishment: net::ERR_CONNECTION_REFUSED @ http://localhost:3001/at-leptos-ui-586d8b1e815a2f3d.js:557
[   55473ms] [WARNING] [events] WebSocket error @ http://localhost:3001/at-leptos-ui-586d8b1e815a2f3d.js:812
[   56489ms] [ERROR] WebSocket connection to 'ws://localhost:9090/api/events/ws' failed: Error in connection establishment: net::ERR_CONNECTION_REFUSED @ http://localhost:3001/at-leptos-ui-586d8b1e815a2f3d.js:557
[   56490ms] [WARNING] [events] WebSocket error @ http://localhost:3001/at-leptos-ui-586d8b1e815a2f3d.js:812
[   57520ms] [ERROR] WebSocket connection to 'ws://localhost:9090/api/events/ws' failed: Error in connection establishment: net::ERR_CONNECTION_REFUSED @ http://localhost:3001/at-leptos-ui-586d8b1e815a2f3d.js:557
[   57520ms] [WARNING] [events] WebSocket error @ http://localhost:3001/at-leptos-ui-586d8b1e815a2f3d.js:812
[   58553ms] [ERROR] WebSocket connection to 'ws://localhost:9090/api/events/ws' failed: Error in connection establishment: net::ERR_CONNECTION_REFUSED @ http://localhost:3001/at-leptos-ui-586d8b1e815a2f3d.js:557
[   58553ms] [WARNING] [events] WebSocket error @ http://localhost:3001/at-leptos-ui-586d8b1e815a2f3d.js:812
[   59613ms] [ERROR] WebSocket connection to 'ws://localhost:9090/api/events/ws' failed: Error in connection establishment: net::ERR_CONNECTION_REFUSED @ http://localhost:3001/at-leptos-ui-586d8b1e815a2f3d.js:557
[   59613ms] [WARNING] [events] WebSocket error @ http://localhost:3001/at-leptos-ui-586d8b1e815a2f3d.js:812
[   60704ms] [ERROR] WebSocket connection to 'ws://localhost:9090/api/events/ws' failed: Error in connection establishment: net::ERR_CONNECTION_REFUSED @ http://localhost:3001/at-leptos-ui-586d8b1e815a2f3d.js:557
[   60704ms] [WARNING] [events] WebSocket error @ http://localhost:3001/at-leptos-ui-586d8b1e815a2f3d.js:812
[   61797ms] [ERROR] WebSocket connection to 'ws://localhost:9090/api/events/ws' failed: Error in connection establishment: net::ERR_CONNECTION_REFUSED @ http://localhost:3001/at-leptos-ui-586d8b1e815a2f3d.js:557
[   61797ms] [WARNING] [events] WebSocket error @ http://localhost:3001/at-leptos-ui-586d8b1e815a2f3d.js:812
[   62880ms] [ERROR] WebSocket connection to 'ws://localhost:9090/api/events/ws' failed: Error in connection establishment: net::ERR_CONNECTION_REFUSED @ http://localhost:3001/at-leptos-ui-586d8b1e815a2f3d.js:557
[   62880ms] [WARNING] [events] WebSocket error @ http://localhost:3001/at-leptos-ui-586d8b1e815a2f3d.js:812
[   63948ms] [ERROR] WebSocket connection to 'ws://localhost:9090/api/events/ws' failed: Error in connection establishment: net::ERR_CONNECTION_REFUSED @ http://localhost:3001/at-leptos-ui-586d8b1e815a2f3d.js:557
[   63948ms] [WARNING] [events] WebSocket error @ http://localhost:3001/at-leptos-ui-586d8b1e815a2f3d.js:812
[   65404ms] [ERROR] WebSocket connection to 'ws://localhost:9090/api/events/ws' failed: Error in connection establishment: net::ERR_CONNECTION_REFUSED @ http://localhost:3001/at-leptos-ui-586d8b1e815a2f3d.js:557
[   65404ms] [WARNING] [events] WebSocket error @ http://localhost:3001/at-leptos-ui-586d8b1e815a2f3d.js:812
[   67037ms] [ERROR] WebSocket connection to 'ws://localhost:9090/api/events/ws' failed: Error in connection establishment: net::ERR_CONNECTION_REFUSED @ http://localhost:3001/at-leptos-ui-586d8b1e815a2f3d.js:557
[   67037ms] [WARNING] [events] WebSocket error @ http://localhost:3001/at-leptos-ui-586d8b1e815a2f3d.js:812
[   68880ms] [ERROR] WebSocket connection to 'ws://localhost:9090/api/events/ws' failed: Error in connection establishment: net::ERR_CONNECTION_REFUSED @ http://localhost:3001/at-leptos-ui-586d8b1e815a2f3d.js:557
[   68880ms] [WARNING] [events] WebSocket error @ http://localhost:3001/at-leptos-ui-586d8b1e815a2f3d.js:812
[   71128ms] [ERROR] WebSocket connection to 'ws://localhost:9090/api/events/ws' failed: Error in connection establishment: net::ERR_CONNECTION_REFUSED @ http://localhost:3001/at-leptos-ui-586d8b1e815a2f3d.js:557
[   71128ms] [WARNING] [events] WebSocket error @ http://localhost:3001/at-leptos-ui-586d8b1e815a2f3d.js:812
[   72755ms] [ERROR] WebSocket connection to 'ws://localhost:9090/api/events/ws' failed: Error in connection establishment: net::ERR_CONNECTION_REFUSED @ http://localhost:3001/at-leptos-ui-586d8b1e815a2f3d.js:557
[   72755ms] [WARNING] [events] WebSocket error @ http://localhost:3001/at-leptos-ui-586d8b1e815a2f3d.js:812
[   75095ms] [ERROR] WebSocket connection to 'ws://localhost:9090/api/events/ws' failed: Error in connection establishment: net::ERR_CONNECTION_REFUSED @ http://localhost:3001/at-leptos-ui-586d8b1e815a2f3d.js:557
[   75096ms] [WARNING] [events] WebSocket error @ http://localhost:3001/at-leptos-ui-586d8b1e815a2f3d.js:812
[   80979ms] [ERROR] WebSocket connection to 'ws://localhost:9090/api/events/ws' failed: Error in connection establishment: net::ERR_CONNECTION_REFUSED @ http://localhost:3001/at-leptos-ui-586d8b1e815a2f3d.js:557
[   80979ms] [WARNING] [events] WebSocket error @ http://localhost:3001/at-leptos-ui-586d8b1e815a2f3d.js:812
[   84160ms] [ERROR] WebSocket connection to 'ws://localhost:9090/api/events/ws' failed: Error in connection establishment: net::ERR_CONNECTION_REFUSED @ http://localhost:3001/at-leptos-ui-586d8b1e815a2f3d.js:557
[   84161ms] [WARNING] [events] WebSocket error @ http://localhost:3001/at-leptos-ui-586d8b1e815a2f3d.js:812
[   87595ms] [ERROR] WebSocket connection to 'ws://localhost:9090/api/events/ws' failed: Error in connection establishment: net::ERR_CONNECTION_REFUSED @ http://localhost:3001/at-leptos-ui-586d8b1e815a2f3d.js:557
[   87595ms] [WARNING] [events] WebSocket error @ http://localhost:3001/at-leptos-ui-586d8b1e815a2f3d.js:812
[   92065ms] [ERROR] WebSocket connection to 'ws://localhost:9090/api/events/ws' failed: Error in connection establishment: net::ERR_CONNECTION_REFUSED @ http://localhost:3001/at-leptos-ui-586d8b1e815a2f3d.js:557
[   92065ms] [WARNING] [events] WebSocket error @ http://localhost:3001/at-leptos-ui-586d8b1e815a2f3d.js:812
[   95486ms] [ERROR] WebSocket connection to 'ws://localhost:9090/api/events/ws' failed: Error in connection establishment: net::ERR_CONNECTION_REFUSED @ http://localhost:3001/at-leptos-ui-586d8b1e815a2f3d.js:557
[   95486ms] [WARNING] [events] WebSocket error @ http://localhost:3001/at-leptos-ui-586d8b1e815a2f3d.js:812
[   99198ms] [ERROR] WebSocket connection to 'ws://localhost:9090/api/events/ws' failed: Error in connection establishment: net::ERR_CONNECTION_REFUSED @ http://localhost:3001/at-leptos-ui-586d8b1e815a2f3d.js:557
[   99198ms] [WARNING] [events] WebSocket error @ http://localhost:3001/at-leptos-ui-586d8b1e815a2f3d.js:812
[  102681ms] [ERROR] WebSocket connection to 'ws://localhost:9090/api/events/ws' failed: Error in connection establishment: net::ERR_CONNECTION_REFUSED @ http://localhost:3001/at-leptos-ui-586d8b1e815a2f3d.js:557
[  102681ms] [WARNING] [events] WebSocket error @ http://localhost:3001/at-leptos-ui-586d8b1e815a2f3d.js:812
[  107839ms] [ERROR] WebSocket connection to 'ws://localhost:9090/api/events/ws' failed: Error in connection establishment: net::ERR_CONNECTION_REFUSED @ http://localhost:3001/at-leptos-ui-586d8b1e815a2f3d.js:557
[  107840ms] [WARNING] [events] WebSocket error @ http://localhost:3001/at-leptos-ui-586d8b1e815a2f3d.js:812
[  112381ms] [ERROR] WebSocket connection to 'ws://localhost:9090/api/events/ws' failed: Error in connection establishment: net::ERR_CONNECTION_REFUSED @ http://localhost:3001/at-leptos-ui-586d8b1e815a2f3d.js:557
[  112381ms] [WARNING] [events] WebSocket error @ http://localhost:3001/at-leptos-ui-586d8b1e815a2f3d.js:812
[  117362ms] [ERROR] WebSocket connection to 'ws://localhost:9090/api/events/ws' failed: Error in connection establishment: net::ERR_CONNECTION_REFUSED @ http://localhost:3001/at-leptos-ui-586d8b1e815a2f3d.js:557
[  117362ms] [WARNING] [events] WebSocket error @ http://localhost:3001/at-leptos-ui-586d8b1e815a2f3d.js:812
[  119569ms] [ERROR] WebSocket connection to 'ws://localhost:9090/api/events/ws' failed: Error in connection establishment: net::ERR_CONNECTION_REFUSED @ http://localhost:3001/at-leptos-ui-586d8b1e815a2f3d.js:557
[  119569ms] [WARNING] [events] WebSocket error @ http://localhost:3001/at-leptos-ui-586d8b1e815a2f3d.js:812
[  124310ms] [ERROR] WebSocket connection to 'ws://localhost:9090/api/events/ws' failed: Error in connection establishment: net::ERR_CONNECTION_REFUSED @ http://localhost:3001/at-leptos-ui-586d8b1e815a2f3d.js:557
[  124310ms] [WARNING] [events] WebSocket error @ http://localhost:3001/at-leptos-ui-586d8b1e815a2f3d.js:812
[  126727ms] [ERROR] WebSocket connection to 'ws://localhost:9090/api/events/ws' failed: Error in connection establishment: net::ERR_CONNECTION_REFUSED @ http://localhost:3001/at-leptos-ui-586d8b1e815a2f3d.js:557
[  126727ms] [WARNING] [events] WebSocket error @ http://localhost:3001/at-leptos-ui-586d8b1e815a2f3d.js:812
[  132275ms] [ERROR] WebSocket connection to 'ws://localhost:9090/api/events/ws' failed: Error in connection establishment: net::ERR_CONNECTION_REFUSED @ http://localhost:3001/at-leptos-ui-586d8b1e815a2f3d.js:557
[  132275ms] [WARNING] [events] WebSocket error @ http://localhost:3001/at-leptos-ui-586d8b1e815a2f3d.js:812
[  136542ms] [ERROR] WebSocket connection to 'ws://localhost:9090/api/events/ws' failed: Error in connection establishment: net::ERR_CONNECTION_REFUSED @ http://localhost:3001/at-leptos-ui-586d8b1e815a2f3d.js:557
[  136542ms] [WARNING] [events] WebSocket error @ http://localhost:3001/at-leptos-ui-586d8b1e815a2f3d.js:812
[  138950ms] [ERROR] WebSocket connection to 'ws://localhost:9090/api/events/ws' failed: Error in connection establishment: net::ERR_CONNECTION_REFUSED @ http://localhost:3001/at-leptos-ui-586d8b1e815a2f3d.js:557
[  138950ms] [WARNING] [events] WebSocket error @ http://localhost:3001/at-leptos-ui-586d8b1e815a2f3d.js:812
[  144694ms] [ERROR] WebSocket connection to 'ws://localhost:9090/api/events/ws' failed: Error in connection establishment: net::ERR_CONNECTION_REFUSED @ http://localhost:3001/at-leptos-ui-586d8b1e815a2f3d.js:557
[  144694ms] [WARNING] [events] WebSocket error @ http://localhost:3001/at-leptos-ui-586d8b1e815a2f3d.js:812
[  147109ms] [ERROR] WebSocket connection to 'ws://localhost:9090/api/events/ws' failed: Error in connection establishment: net::ERR_CONNECTION_REFUSED @ http://localhost:3001/at-leptos-ui-586d8b1e815a2f3d.js:557
[  147109ms] [WARNING] [events] WebSocket error @ http://localhost:3001/at-leptos-ui-586d8b1e815a2f3d.js:812
[  149816ms] [ERROR] WebSocket connection to 'ws://localhost:9090/api/events/ws' failed: Error in connection establishment: net::ERR_CONNECTION_REFUSED @ http://localhost:3001/at-leptos-ui-586d8b1e815a2f3d.js:557
[  149817ms] [WARNING] [events] WebSocket error @ http://localhost:3001/at-leptos-ui-586d8b1e815a2f3d.js:812
[  152995ms] [ERROR] WebSocket connection to 'ws://localhost:9090/api/events/ws' failed: Error in connection establishment: net::ERR_CONNECTION_REFUSED @ http://localhost:3001/at-leptos-ui-586d8b1e815a2f3d.js:557
[  152995ms] [WARNING] [events] WebSocket error @ http://localhost:3001/at-leptos-ui-586d8b1e815a2f3d.js:812
[  158150ms] [ERROR] WebSocket connection to 'ws://localhost:9090/api/events/ws' failed: Error in connection establishment: net::ERR_CONNECTION_REFUSED @ http://localhost:3001/at-leptos-ui-586d8b1e815a2f3d.js:557
[  158150ms] [WARNING] [events] WebSocket error @ http://localhost:3001/at-leptos-ui-586d8b1e815a2f3d.js:812
[  164139ms] [ERROR] WebSocket connection to 'ws://localhost:9090/api/events/ws' failed: Error in connection establishment: net::ERR_CONNECTION_REFUSED @ http://localhost:3001/at-leptos-ui-586d8b1e815a2f3d.js:557
[  164140ms] [WARNING] [events] WebSocket error @ http://localhost:3001/at-leptos-ui-586d8b1e815a2f3d.js:812
[  169124ms] [ERROR] WebSocket connection to 'ws://localhost:9090/api/events/ws' failed: Error in connection establishment: net::ERR_CONNECTION_REFUSED @ http://localhost:3001/at-leptos-ui-586d8b1e815a2f3d.js:557
[  169124ms] [WARNING] [events] WebSocket error @ http://localhost:3001/at-leptos-ui-586d8b1e815a2f3d.js:812
[  171744ms] [ERROR] WebSocket connection to 'ws://localhost:9090/api/events/ws' failed: Error in connection establishment: net::ERR_CONNECTION_REFUSED @ http://localhost:3001/at-leptos-ui-586d8b1e815a2f3d.js:557
[  171744ms] [WARNING] [events] WebSocket error @ http://localhost:3001/at-leptos-ui-586d8b1e815a2f3d.js:812
[  177286ms] [ERROR] WebSocket connection to 'ws://localhost:9090/api/events/ws' failed: Error in connection establishment: net::ERR_CONNECTION_REFUSED @ http://localhost:3001/at-leptos-ui-586d8b1e815a2f3d.js:557
[  177286ms] [WARNING] [events] WebSocket error @ http://localhost:3001/at-leptos-ui-586d8b1e815a2f3d.js:812
[  179998ms] [ERROR] WebSocket connection to 'ws://localhost:9090/api/events/ws' failed: Error in connection establishment: net::ERR_CONNECTION_REFUSED @ http://localhost:3001/at-leptos-ui-586d8b1e815a2f3d.js:557
[  179998ms] [WARNING] [events] WebSocket error @ http://localhost:3001/at-leptos-ui-586d8b1e815a2f3d.js:812
[  185091ms] [ERROR] WebSocket connection to 'ws://localhost:9090/api/events/ws' failed: Error in connection establishment: net::ERR_CONNECTION_REFUSED @ http://localhost:3001/at-leptos-ui-586d8b1e815a2f3d.js:557
[  185092ms] [WARNING] [events] WebSocket error @ http://localhost:3001/at-leptos-ui-586d8b1e815a2f3d.js:812
[  187487ms] [ERROR] WebSocket connection to 'ws://localhost:9090/api/events/ws' failed: Error in connection establishment: net::ERR_CONNECTION_REFUSED @ http://localhost:3001/at-leptos-ui-586d8b1e815a2f3d.js:557
[  187487ms] [WARNING] [events] WebSocket error @ http://localhost:3001/at-leptos-ui-586d8b1e815a2f3d.js:812
[  190869ms] [ERROR] WebSocket connection to 'ws://localhost:9090/api/events/ws' failed: Error in connection establishment: net::ERR_CONNECTION_REFUSED @ http://localhost:3001/at-leptos-ui-586d8b1e815a2f3d.js:557
[  190869ms] [WARNING] [events] WebSocket error @ http://localhost:3001/at-leptos-ui-586d8b1e815a2f3d.js:812
[  194859ms] [ERROR] WebSocket connection to 'ws://localhost:9090/api/events/ws' failed: Error in connection establishment: net::ERR_CONNECTION_REFUSED @ http://localhost:3001/at-leptos-ui-586d8b1e815a2f3d.js:557
[  194860ms] [WARNING] [events] WebSocket error @ http://localhost:3001/at-leptos-ui-586d8b1e815a2f3d.js:812
[  199011ms] [ERROR] WebSocket connection to 'ws://localhost:9090/api/events/ws' failed: Error in connection establishment: net::ERR_CONNECTION_REFUSED @ http://localhost:3001/at-leptos-ui-586d8b1e815a2f3d.js:557
[  199011ms] [WARNING] [events] WebSocket error @ http://localhost:3001/at-leptos-ui-586d8b1e815a2f3d.js:812
[  202695ms] [ERROR] WebSocket connection to 'ws://localhost:9090/api/events/ws' failed: Error in connection establishment: net::ERR_CONNECTION_REFUSED @ http://localhost:3001/at-leptos-ui-586d8b1e815a2f3d.js:557
[  202695ms] [WARNING] [events] WebSocket error @ http://localhost:3001/at-leptos-ui-586d8b1e815a2f3d.js:812
[  206793ms] [ERROR] WebSocket connection to 'ws://localhost:9090/api/events/ws' failed: Error in connection establishment: net::ERR_CONNECTION_REFUSED @ http://localhost:3001/at-leptos-ui-586d8b1e815a2f3d.js:557
[  206793ms] [WARNING] [events] WebSocket error @ http://localhost:3001/at-leptos-ui-586d8b1e815a2f3d.js:812
[  211709ms] [ERROR] WebSocket connection to 'ws://localhost:9090/api/events/ws' failed: Error in connection establishment: net::ERR_CONNECTION_REFUSED @ http://localhost:3001/at-leptos-ui-586d8b1e815a2f3d.js:557
[  211709ms] [WARNING] [events] WebSocket error @ http://localhost:3001/at-leptos-ui-586d8b1e815a2f3d.js:812
[  214485ms] [ERROR] WebSocket connection to 'ws://localhost:9090/api/events/ws' failed: Error in connection establishment: net::ERR_CONNECTION_REFUSED @ http://localhost:3001/at-leptos-ui-586d8b1e815a2f3d.js:557
[  214485ms] [WARNING] [events] WebSocket error @ http://localhost:3001/at-leptos-ui-586d8b1e815a2f3d.js:812
[  217498ms] [ERROR] WebSocket connection to 'ws://localhost:9090/api/events/ws' failed: Error in connection establishment: net::ERR_CONNECTION_REFUSED @ http://localhost:3001/at-leptos-ui-586d8b1e815a2f3d.js:557
[  217498ms] [WARNING] [events] WebSocket error @ http://localhost:3001/at-leptos-ui-586d8b1e815a2f3d.js:812
[  219859ms] [ERROR] WebSocket connection to 'ws://localhost:9090/api/events/ws' failed: Error in connection establishment: net::ERR_CONNECTION_REFUSED @ http://localhost:3001/at-leptos-ui-586d8b1e815a2f3d.js:557
[  219859ms] [WARNING] [events] WebSocket error @ http://localhost:3001/at-leptos-ui-586d8b1e815a2f3d.js:812
[  223515ms] [ERROR] WebSocket connection to 'ws://localhost:9090/api/events/ws' failed: Error in connection establishment: net::ERR_CONNECTION_REFUSED @ http://localhost:3001/at-leptos-ui-586d8b1e815a2f3d.js:557
[  223515ms] [WARNING] [events] WebSocket error @ http://localhost:3001/at-leptos-ui-586d8b1e815a2f3d.js:812
[  225861ms] [ERROR] WebSocket connection to 'ws://localhost:9090/api/events/ws' failed: Error in connection establishment: net::ERR_CONNECTION_REFUSED @ http://localhost:3001/at-leptos-ui-586d8b1e815a2f3d.js:557
[  225861ms] [WARNING] [events] WebSocket error @ http://localhost:3001/at-leptos-ui-586d8b1e815a2f3d.js:812
[  230923ms] [ERROR] WebSocket connection to 'ws://localhost:9090/api/events/ws' failed: Error in connection establishment: net::ERR_CONNECTION_REFUSED @ http://localhost:3001/at-leptos-ui-586d8b1e815a2f3d.js:557
[  230923ms] [WARNING] [events] WebSocket error @ http://localhost:3001/at-leptos-ui-586d8b1e815a2f3d.js:812
[  234986ms] [ERROR] WebSocket connection to 'ws://localhost:9090/api/events/ws' failed: Error in connection establishment: net::ERR_CONNECTION_REFUSED @ http://localhost:3001/at-leptos-ui-586d8b1e815a2f3d.js:557
[  234986ms] [WARNING] [events] WebSocket error @ http://localhost:3001/at-leptos-ui-586d8b1e815a2f3d.js:812
[  237990ms] [ERROR] WebSocket connection to 'ws://localhost:9090/api/events/ws' failed: Error in connection establishment: net::ERR_CONNECTION_REFUSED @ http://localhost:3001/at-leptos-ui-586d8b1e815a2f3d.js:557
[  237990ms] [WARNING] [events] WebSocket error @ http://localhost:3001/at-leptos-ui-586d8b1e815a2f3d.js:812
[  242501ms] [ERROR] WebSocket connection to 'ws://localhost:9090/api/events/ws' failed: Error in connection establishment: net::ERR_CONNECTION_REFUSED @ http://localhost:3001/at-leptos-ui-586d8b1e815a2f3d.js:557
[  242501ms] [WARNING] [events] WebSocket error @ http://localhost:3001/at-leptos-ui-586d8b1e815a2f3d.js:812
[  246645ms] [ERROR] WebSocket connection to 'ws://localhost:9090/api/events/ws' failed: Error in connection establishment: net::ERR_CONNECTION_REFUSED @ http://localhost:3001/at-leptos-ui-586d8b1e815a2f3d.js:557
[  246645ms] [WARNING] [events] WebSocket error @ http://localhost:3001/at-leptos-ui-586d8b1e815a2f3d.js:812
[  250328ms] [ERROR] WebSocket connection to 'ws://localhost:9090/api/events/ws' failed: Error in connection establishment: net::ERR_CONNECTION_REFUSED @ http://localhost:3001/at-leptos-ui-586d8b1e815a2f3d.js:557
[  250328ms] [WARNING] [events] WebSocket error @ http://localhost:3001/at-leptos-ui-586d8b1e815a2f3d.js:812
[  256107ms] [ERROR] WebSocket connection to 'ws://localhost:9090/api/events/ws' failed: Error in connection establishment: net::ERR_CONNECTION_REFUSED @ http://localhost:3001/at-leptos-ui-586d8b1e815a2f3d.js:557
[  256108ms] [WARNING] [events] WebSocket error @ http://localhost:3001/at-leptos-ui-586d8b1e815a2f3d.js:812
[  261776ms] [ERROR] WebSocket connection to 'ws://localhost:9090/api/events/ws' failed: Error in connection establishment: net::ERR_CONNECTION_REFUSED @ http://localhost:3001/at-leptos-ui-586d8b1e815a2f3d.js:557
[  261776ms] [WARNING] [events] WebSocket error @ http://localhost:3001/at-leptos-ui-586d8b1e815a2f3d.js:812
[  266845ms] [ERROR] WebSocket connection to 'ws://localhost:9090/api/events/ws' failed: Error in connection establishment: net::ERR_CONNECTION_REFUSED @ http://localhost:3001/at-leptos-ui-586d8b1e815a2f3d.js:557
[  266845ms] [WARNING] [events] WebSocket error @ http://localhost:3001/at-leptos-ui-586d8b1e815a2f3d.js:812
[  270250ms] [ERROR] WebSocket connection to 'ws://localhost:9090/api/events/ws' failed: Error in connection establishment: net::ERR_CONNECTION_REFUSED @ http://localhost:3001/at-leptos-ui-586d8b1e815a2f3d.js:557
[  270250ms] [WARNING] [events] WebSocket error @ http://localhost:3001/at-leptos-ui-586d8b1e815a2f3d.js:812
[  272278ms] [ERROR] WebSocket connection to 'ws://localhost:9090/api/events/ws' failed: Error in connection establishment: net::ERR_CONNECTION_REFUSED @ http://localhost:3001/at-leptos-ui-586d8b1e815a2f3d.js:557
[  272278ms] [WARNING] [events] WebSocket error @ http://localhost:3001/at-leptos-ui-586d8b1e815a2f3d.js:812
[  276203ms] [ERROR] WebSocket connection to 'ws://localhost:9090/api/events/ws' failed: Error in connection establishment: net::ERR_CONNECTION_REFUSED @ http://localhost:3001/at-leptos-ui-586d8b1e815a2f3d.js:557
[  276203ms] [WARNING] [events] WebSocket error @ http://localhost:3001/at-leptos-ui-586d8b1e815a2f3d.js:812
[  280396ms] [ERROR] WebSocket connection to 'ws://localhost:9090/api/events/ws' failed: Error in connection establishment: net::ERR_CONNECTION_REFUSED @ http://localhost:3001/at-leptos-ui-586d8b1e815a2f3d.js:557
[  280396ms] [WARNING] [events] WebSocket error @ http://localhost:3001/at-leptos-ui-586d8b1e815a2f3d.js:812
[ 1179658ms] [ERROR] WebSocket connection to 'ws://localhost:9090/api/events/ws' failed: Error in connection establishment: net::ERR_CONNECTION_REFUSED @ http://localhost:3001/at-leptos-ui-586d8b1e815a2f3d.js:557
[ 1179659ms] [WARNING] [events] WebSocket error @ http://localhost:3001/at-leptos-ui-586d8b1e815a2f3d.js:812
[ 1180661ms] [ERROR] WebSocket connection to 'ws://localhost:9090/api/events/ws' failed: Error in connection establishment: net::ERR_CONNECTION_REFUSED @ http://localhost:3001/at-leptos-ui-586d8b1e815a2f3d.js:557
[ 1180661ms] [WARNING] [events] WebSocket error @ http://localhost:3001/at-leptos-ui-586d8b1e815a2f3d.js:812
[ 1181665ms] [ERROR] WebSocket connection to 'ws://localhost:9090/api/events/ws' failed: Error in connection establishment: net::ERR_CONNECTION_REFUSED @ http://localhost:3001/at-leptos-ui-586d8b1e815a2f3d.js:557
[ 1181665ms] [WARNING] [events] WebSocket error @ http://localhost:3001/at-leptos-ui-586d8b1e815a2f3d.js:812
[ 1182667ms] [ERROR] WebSocket connection to 'ws://localhost:9090/api/events/ws' failed: Error in connection establishment: net::ERR_CONNECTION_REFUSED @ http://localhost:3001/at-leptos-ui-586d8b1e815a2f3d.js:557
[ 1182667ms] [WARNING] [events] WebSocket error @ http://localhost:3001/at-leptos-ui-586d8b1e815a2f3d.js:812
[ 1183670ms] [ERROR] WebSocket connection to 'ws://localhost:9090/api/events/ws' failed: Error in connection establishment: net::ERR_CONNECTION_REFUSED @ http://localhost:3001/at-leptos-ui-586d8b1e815a2f3d.js:557
[ 1183670ms] [WARNING] [events] WebSocket error @ http://localhost:3001/at-leptos-ui-586d8b1e815a2f3d.js:812
[ 1184678ms] [ERROR] WebSocket connection to 'ws://localhost:9090/api/events/ws' failed: Error in connection establishment: net::ERR_CONNECTION_REFUSED @ http://localhost:3001/at-leptos-ui-586d8b1e815a2f3d.js:557
[ 1184678ms] [WARNING] [events] WebSocket error @ http://localhost:3001/at-leptos-ui-586d8b1e815a2f3d.js:812
[ 1185683ms] [ERROR] WebSocket connection to 'ws://localhost:9090/api/events/ws' failed: Error in connection establishment: net::ERR_CONNECTION_REFUSED @ http://localhost:3001/at-leptos-ui-586d8b1e815a2f3d.js:557
[ 1185683ms] [WARNING] [events] WebSocket error @ http://localhost:3001/at-leptos-ui-586d8b1e815a2f3d.js:812
[ 1186707ms] [ERROR] WebSocket connection to 'ws://localhost:9090/api/events/ws' failed: Error in connection establishment: net::ERR_CONNECTION_REFUSED @ http://localhost:3001/at-leptos-ui-586d8b1e815a2f3d.js:557
[ 1186707ms] [WARNING] [events] WebSocket error @ http://localhost:3001/at-leptos-ui-586d8b1e815a2f3d.js:812
[ 1187741ms] [ERROR] WebSocket connection to 'ws://localhost:9090/api/events/ws' failed: Error in connection establishment: net::ERR_CONNECTION_REFUSED @ http://localhost:3001/at-leptos-ui-586d8b1e815a2f3d.js:557
[ 1187741ms] [WARNING] [events] WebSocket error @ http://localhost:3001/at-leptos-ui-586d8b1e815a2f3d.js:812
[ 1188770ms] [ERROR] WebSocket connection to 'ws://localhost:9090/api/events/ws' failed: Error in connection establishment: net::ERR_CONNECTION_REFUSED @ http://localhost:3001/at-leptos-ui-586d8b1e815a2f3d.js:557
[ 1188770ms] [WARNING] [events] WebSocket error @ http://localhost:3001/at-leptos-ui-586d8b1e815a2f3d.js:812
[ 1189813ms] [ERROR] WebSocket connection to 'ws://localhost:9090/api/events/ws' failed: Error in connection establishment: net::ERR_CONNECTION_REFUSED @ http://localhost:3001/at-leptos-ui-586d8b1e815a2f3d.js:557
[ 1189813ms] [WARNING] [events] WebSocket error @ http://localhost:3001/at-leptos-ui-586d8b1e815a2f3d.js:812
[ 1204774ms] [ERROR] WebSocket connection to 'ws://localhost:9090/api/events/ws' failed: Error in connection establishment: net::ERR_CONNECTION_REFUSED @ http://localhost:3001/at-leptos-ui-586d8b1e815a2f3d.js:557
[ 1204774ms] [WARNING] [events] WebSocket error @ http://localhost:3001/at-leptos-ui-586d8b1e815a2f3d.js:812
[ 1205785ms] [ERROR] WebSocket connection to 'ws://localhost:9090/api/events/ws' failed: Error in connection establishment: net::ERR_CONNECTION_REFUSED @ http://localhost:3001/at-leptos-ui-586d8b1e815a2f3d.js:557
[ 1205785ms] [WARNING] [events] WebSocket error @ http://localhost:3001/at-leptos-ui-586d8b1e815a2f3d.js:812
[ 1206793ms] [ERROR] WebSocket connection to 'ws://localhost:9090/api/events/ws' failed: Error in connection establishment: net::ERR_CONNECTION_REFUSED @ http://localhost:3001/at-leptos-ui-586d8b1e815a2f3d.js:557
[ 1206793ms] [WARNING] [events] WebSocket error @ http://localhost:3001/at-leptos-ui-586d8b1e815a2f3d.js:812
[ 1207813ms] [ERROR] WebSocket connection to 'ws://localhost:9090/api/events/ws' failed: Error in connection establishment: net::ERR_CONNECTION_REFUSED @ http://localhost:3001/at-leptos-ui-586d8b1e815a2f3d.js:557
[ 1207813ms] [WARNING] [events] WebSocket error @ http://localhost:3001/at-leptos-ui-586d8b1e815a2f3d.js:812
[ 1301007ms] [ERROR] WebSocket connection to 'ws://localhost:9090/api/events/ws' failed: Error in connection establishment: net::ERR_CONNECTION_REFUSED @ http://localhost:3001/at-leptos-ui-586d8b1e815a2f3d.js:557
[ 1301007ms] [WARNING] [events] WebSocket error @ http://localhost:3001/at-leptos-ui-586d8b1e815a2f3d.js:812
[ 1302013ms] [ERROR] WebSocket connection to 'ws://localhost:9090/api/events/ws' failed: Error in connection establishment: net::ERR_CONNECTION_REFUSED @ http://localhost:3001/at-leptos-ui-586d8b1e815a2f3d.js:557
[ 1302013ms] [WARNING] [events] WebSocket error @ http://localhost:3001/at-leptos-ui-586d8b1e815a2f3d.js:812
[ 1303019ms] [ERROR] WebSocket connection to 'ws://localhost:9090/api/events/ws' failed: Error in connection establishment: net::ERR_CONNECTION_REFUSED @ http://localhost:3001/at-leptos-ui-586d8b1e815a2f3d.js:557
[ 1303019ms] [WARNING] [events] WebSocket error @ http://localhost:3001/at-leptos-ui-586d8b1e815a2f3d.js:812
[ 1304029ms] [ERROR] WebSocket connection to 'ws://localhost:9090/api/events/ws' failed: Error in connection establishment: net::ERR_CONNECTION_REFUSED @ http://localhost:3001/at-leptos-ui-586d8b1e815a2f3d.js:557
[ 1304029ms] [WARNING] [events] WebSocket error @ http://localhost:3001/at-leptos-ui-586d8b1e815a2f3d.js:812
[ 1305043ms] [ERROR] WebSocket connection to 'ws://localhost:9090/api/events/ws' failed: Error in connection establishment: net::ERR_CONNECTION_REFUSED @ http://localhost:3001/at-leptos-ui-586d8b1e815a2f3d.js:557
[ 1305043ms] [WARNING] [events] WebSocket error @ http://localhost:3001/at-leptos-ui-586d8b1e815a2f3d.js:812
[ 1306049ms] [ERROR] WebSocket connection to 'ws://localhost:9090/api/events/ws' failed: Error in connection establishment: net::ERR_CONNECTION_REFUSED @ http://localhost:3001/at-leptos-ui-586d8b1e815a2f3d.js:557
[ 1306050ms] [WARNING] [events] WebSocket error @ http://localhost:3001/at-leptos-ui-586d8b1e815a2f3d.js:812
[ 1307069ms] [ERROR] WebSocket connection to 'ws://localhost:9090/api/events/ws' failed: Error in connection establishment: net::ERR_CONNECTION_REFUSED @ http://localhost:3001/at-leptos-ui-586d8b1e815a2f3d.js:557
[ 1307069ms] [WARNING] [events] WebSocket error @ http://localhost:3001/at-leptos-ui-586d8b1e815a2f3d.js:812
[ 1308095ms] [ERROR] WebSocket connection to 'ws://localhost:9090/api/events/ws' failed: Error in connection establishment: net::ERR_CONNECTION_REFUSED @ http://localhost:3001/at-leptos-ui-586d8b1e815a2f3d.js:557
[ 1308095ms] [WARNING] [events] WebSocket error @ http://localhost:3001/at-leptos-ui-586d8b1e815a2f3d.js:812
[ 1309111ms] [ERROR] WebSocket connection to 'ws://localhost:9090/api/events/ws' failed: Error in connection establishment: net::ERR_CONNECTION_REFUSED @ http://localhost:3001/at-leptos-ui-586d8b1e815a2f3d.js:557
[ 1309111ms] [WARNING] [events] WebSocket error @ http://localhost:3001/at-leptos-ui-586d8b1e815a2f3d.js:812
[ 1310139ms] [ERROR] WebSocket connection to 'ws://localhost:9090/api/events/ws' failed: Error in connection establishment: net::ERR_CONNECTION_REFUSED @ http://localhost:3001/at-leptos-ui-586d8b1e815a2f3d.js:557
[ 1310139ms] [WARNING] [events] WebSocket error @ http://localhost:3001/at-leptos-ui-586d8b1e815a2f3d.js:812
[ 1311181ms] [ERROR] WebSocket connection to 'ws://localhost:9090/api/events/ws' failed: Error in connection establishment: net::ERR_CONNECTION_REFUSED @ http://localhost:3001/at-leptos-ui-586d8b1e815a2f3d.js:557
[ 1311181ms] [WARNING] [events] WebSocket error @ http://localhost:3001/at-leptos-ui-586d8b1e815a2f3d.js:812
[ 1312214ms] [ERROR] WebSocket connection to 'ws://localhost:9090/api/events/ws' failed: Error in connection establishment: net::ERR_CONNECTION_REFUSED @ http://localhost:3001/at-leptos-ui-586d8b1e815a2f3d.js:557
[ 1312214ms] [WARNING] [events] WebSocket error @ http://localhost:3001/at-leptos-ui-586d8b1e815a2f3d.js:812
[ 1313247ms] [ERROR] WebSocket connection to 'ws://localhost:9090/api/events/ws' failed: Error in connection establishment: net::ERR_CONNECTION_REFUSED @ http://localhost:3001/at-leptos-ui-586d8b1e815a2f3d.js:557
[ 1313247ms] [WARNING] [events] WebSocket error @ http://localhost:3001/at-leptos-ui-586d8b1e815a2f3d.js:812
[ 1314295ms] [ERROR] WebSocket connection to 'ws://localhost:9090/api/events/ws' failed: Error in connection establishment: net::ERR_CONNECTION_REFUSED @ http://localhost:3001/at-leptos-ui-586d8b1e815a2f3d.js:557
[ 1314295ms] [WARNING] [events] WebSocket error @ http://localhost:3001/at-leptos-ui-586d8b1e815a2f3d.js:812
[ 1315375ms] [ERROR] WebSocket connection to 'ws://localhost:9090/api/events/ws' failed: Error in connection establishment: net::ERR_CONNECTION_REFUSED @ http://localhost:3001/at-leptos-ui-586d8b1e815a2f3d.js:557
[ 1315376ms] [WARNING] [events] WebSocket error @ http://localhost:3001/at-leptos-ui-586d8b1e815a2f3d.js:812
[ 1316453ms] [ERROR] WebSocket connection to 'ws://localhost:9090/api/events/ws' failed: Error in connection establishment: net::ERR_CONNECTION_REFUSED @ http://localhost:3001/at-leptos-ui-586d8b1e815a2f3d.js:557
[ 1316453ms] [WARNING] [events] WebSocket error @ http://localhost:3001/at-leptos-ui-586d8b1e815a2f3d.js:812
[ 1317545ms] [ERROR] WebSocket connection to 'ws://localhost:9090/api/events/ws' failed: Error in connection establishment: net::ERR_CONNECTION_REFUSED @ http://localhost:3001/at-leptos-ui-586d8b1e815a2f3d.js:557
[ 1317545ms] [WARNING] [events] WebSocket error @ http://localhost:3001/at-leptos-ui-586d8b1e815a2f3d.js:812
[ 1318617ms] [ERROR] WebSocket connection to 'ws://localhost:9090/api/events/ws' failed: Error in connection establishment: net::ERR_CONNECTION_REFUSED @ http://localhost:3001/at-leptos-ui-586d8b1e815a2f3d.js:557
[ 1318617ms] [WARNING] [events] WebSocket error @ http://localhost:3001/at-leptos-ui-586d8b1e815a2f3d.js:812
[ 1319758ms] [ERROR] WebSocket connection to 'ws://localhost:9090/api/events/ws' failed: Error in connection establishment: net::ERR_CONNECTION_REFUSED @ http://localhost:3001/at-leptos-ui-586d8b1e815a2f3d.js:557
[ 1319758ms] [WARNING] [events] WebSocket error @ http://localhost:3001/at-leptos-ui-586d8b1e815a2f3d.js:812
[ 1320842ms] [ERROR] WebSocket connection to 'ws://localhost:9090/api/events/ws' failed: Error in connection establishment: net::ERR_CONNECTION_REFUSED @ http://localhost:3001/at-leptos-ui-586d8b1e815a2f3d.js:557
[ 1320842ms] [WARNING] [events] WebSocket error @ http://localhost:3001/at-leptos-ui-586d8b1e815a2f3d.js:812
[ 1322044ms] [ERROR] WebSocket connection to 'ws://localhost:9090/api/events/ws' failed: Error in connection establishment: net::ERR_CONNECTION_REFUSED @ http://localhost:3001/at-leptos-ui-586d8b1e815a2f3d.js:557
[ 1322044ms] [WARNING] [events] WebSocket error @ http://localhost:3001/at-leptos-ui-586d8b1e815a2f3d.js:812
[ 1323353ms] [ERROR] WebSocket connection to 'ws://localhost:9090/api/events/ws' failed: Error in connection establishment: net::ERR_CONNECTION_REFUSED @ http://localhost:3001/at-leptos-ui-586d8b1e815a2f3d.js:557
[ 1323353ms] [WARNING] [events] WebSocket error @ http://localhost:3001/at-leptos-ui-586d8b1e815a2f3d.js:812
[ 1324723ms] [ERROR] WebSocket connection to 'ws://localhost:9090/api/events/ws' failed: Error in connection establishment: net::ERR_CONNECTION_REFUSED @ http://localhost:3001/at-leptos-ui-586d8b1e815a2f3d.js:557
[ 1324723ms] [WARNING] [events] WebSocket error @ http://localhost:3001/at-leptos-ui-586d8b1e815a2f3d.js:812
[ 1326282ms] [ERROR] WebSocket connection to 'ws://localhost:9090/api/events/ws' failed: Error in connection establishment: net::ERR_CONNECTION_REFUSED @ http://localhost:3001/at-leptos-ui-586d8b1e815a2f3d.js:557
[ 1326282ms] [WARNING] [events] WebSocket error @ http://localhost:3001/at-leptos-ui-586d8b1e815a2f3d.js:812
[ 1327986ms] [ERROR] WebSocket connection to 'ws://localhost:9090/api/events/ws' failed: Error in connection establishment: net::ERR_CONNECTION_REFUSED @ http://localhost:3001/at-leptos-ui-586d8b1e815a2f3d.js:557
[ 1327987ms] [WARNING] [events] WebSocket error @ http://localhost:3001/at-leptos-ui-586d8b1e815a2f3d.js:812
[ 1329986ms] [ERROR] WebSocket connection to 'ws://localhost:9090/api/events/ws' failed: Error in connection establishment: net::ERR_CONNECTION_REFUSED @ http://localhost:3001/at-leptos-ui-586d8b1e815a2f3d.js:557
[ 1329986ms] [WARNING] [events] WebSocket error @ http://localhost:3001/at-leptos-ui-586d8b1e815a2f3d.js:812
[ 1332178ms] [ERROR] WebSocket connection to 'ws://localhost:9090/api/events/ws' failed: Error in connection establishment: net::ERR_CONNECTION_REFUSED @ http://localhost:3001/at-leptos-ui-586d8b1e815a2f3d.js:557
[ 1332178ms] [WARNING] [events] WebSocket error @ http://localhost:3001/at-leptos-ui-586d8b1e815a2f3d.js:812
[ 1335381ms] [ERROR] WebSocket connection to 'ws://localhost:9090/api/events/ws' failed: Error in connection establishment: net::ERR_CONNECTION_REFUSED @ http://localhost:3001/at-leptos-ui-586d8b1e815a2f3d.js:557
[ 1335381ms] [WARNING] [events] WebSocket error @ http://localhost:3001/at-leptos-ui-586d8b1e815a2f3d.js:812
[ 1338177ms] [ERROR] WebSocket connection to 'ws://localhost:9090/api/events/ws' failed: Error in connection establishment: net::ERR_CONNECTION_REFUSED @ http://localhost:3001/at-leptos-ui-586d8b1e815a2f3d.js:557
[ 1338177ms] [WARNING] [events] WebSocket error @ http://localhost:3001/at-leptos-ui-586d8b1e815a2f3d.js:812
[ 1340859ms] [ERROR] WebSocket connection to 'ws://localhost:9090/api/events/ws' failed: Error in connection establishment: net::ERR_CONNECTION_REFUSED @ http://localhost:3001/at-leptos-ui-586d8b1e815a2f3d.js:557
[ 1340859ms] [WARNING] [events] WebSocket error @ http://localhost:3001/at-leptos-ui-586d8b1e815a2f3d.js:812
[ 1344050ms] [ERROR] WebSocket connection to 'ws://localhost:9090/api/events/ws' failed: Error in connection establishment: net::ERR_CONNECTION_REFUSED @ http://localhost:3001/at-leptos-ui-586d8b1e815a2f3d.js:557
[ 1344051ms] [WARNING] [events] WebSocket error @ http://localhost:3001/at-leptos-ui-586d8b1e815a2f3d.js:812
[ 1348303ms] [ERROR] WebSocket connection to 'ws://localhost:9090/api/events/ws' failed: Error in connection establishment: net::ERR_CONNECTION_REFUSED @ http://localhost:3001/at-leptos-ui-586d8b1e815a2f3d.js:557
[ 1348303ms] [WARNING] [events] WebSocket error @ http://localhost:3001/at-leptos-ui-586d8b1e815a2f3d.js:812
[ 1352727ms] [ERROR] WebSocket connection to 'ws://localhost:9090/api/events/ws' failed: Error in connection establishment: net::ERR_CONNECTION_REFUSED @ http://localhost:3001/at-leptos-ui-586d8b1e815a2f3d.js:557
[ 1352727ms] [WARNING] [events] WebSocket error @ http://localhost:3001/at-leptos-ui-586d8b1e815a2f3d.js:812
[ 1358338ms] [ERROR] WebSocket connection to 'ws://localhost:9090/api/events/ws' failed: Error in connection establishment: net::ERR_CONNECTION_REFUSED @ http://localhost:3001/at-leptos-ui-586d8b1e815a2f3d.js:557
[ 1358339ms] [WARNING] [events] WebSocket error @ http://localhost:3001/at-leptos-ui-586d8b1e815a2f3d.js:812
[ 1361345ms] [ERROR] WebSocket connection to 'ws://localhost:9090/api/events/ws' failed: Error in connection establishment: net::ERR_CONNECTION_REFUSED @ http://localhost:3001/at-leptos-ui-586d8b1e815a2f3d.js:557
[ 1361345ms] [WARNING] [events] WebSocket error @ http://localhost:3001/at-leptos-ui-586d8b1e815a2f3d.js:812
[ 1363794ms] [ERROR] WebSocket connection to 'ws://localhost:9090/api/events/ws' failed: Error in connection establishment: net::ERR_CONNECTION_REFUSED @ http://localhost:3001/at-leptos-ui-586d8b1e815a2f3d.js:557
[ 1363795ms] [WARNING] [events] WebSocket error @ http://localhost:3001/at-leptos-ui-586d8b1e815a2f3d.js:812
[ 1369682ms] [ERROR] WebSocket connection to 'ws://localhost:9090/api/events/ws' failed: Error in connection establishment: net::ERR_CONNECTION_REFUSED @ http://localhost:3001/at-leptos-ui-586d8b1e815a2f3d.js:557
[ 1369683ms] [WARNING] [events] WebSocket error @ http://localhost:3001/at-leptos-ui-586d8b1e815a2f3d.js:812
[ 1374186ms] [ERROR] WebSocket connection to 'ws://localhost:9090/api/events/ws' failed: Error in connection establishment: net::ERR_CONNECTION_REFUSED @ http://localhost:3001/at-leptos-ui-586d8b1e815a2f3d.js:557
[ 1374186ms] [WARNING] [events] WebSocket error @ http://localhost:3001/at-leptos-ui-586d8b1e815a2f3d.js:812
[ 1379787ms] [ERROR] WebSocket connection to 'ws://localhost:9090/api/events/ws' failed: Error in connection establishment: net::ERR_CONNECTION_REFUSED @ http://localhost:3001/at-leptos-ui-586d8b1e815a2f3d.js:557
[ 1379787ms] [WARNING] [events] WebSocket error @ http://localhost:3001/at-leptos-ui-586d8b1e815a2f3d.js:812
[ 1384725ms] [ERROR] WebSocket connection to 'ws://localhost:9090/api/events/ws' failed: Error in connection establishment: net::ERR_CONNECTION_REFUSED @ http://localhost:3001/at-leptos-ui-586d8b1e815a2f3d.js:557
[ 1384726ms] [WARNING] [events] WebSocket error @ http://localhost:3001/at-leptos-ui-586d8b1e815a2f3d.js:812
[ 1388492ms] [ERROR] WebSocket connection to 'ws://localhost:9090/api/events/ws' failed: Error in connection establishment: net::ERR_CONNECTION_REFUSED @ http://localhost:3001/at-leptos-ui-586d8b1e815a2f3d.js:557
[ 1388492ms] [WARNING] [events] WebSocket error @ http://localhost:3001/at-leptos-ui-586d8b1e815a2f3d.js:812
[ 1392461ms] [ERROR] WebSocket connection to 'ws://localhost:9090/api/events/ws' failed: Error in connection establishment: net::ERR_CONNECTION_REFUSED @ http://localhost:3001/at-leptos-ui-586d8b1e815a2f3d.js:557
[ 1392462ms] [WARNING] [events] WebSocket error @ http://localhost:3001/at-leptos-ui-586d8b1e815a2f3d.js:812
[ 1395948ms] [ERROR] WebSocket connection to 'ws://localhost:9090/api/events/ws' failed: Error in connection establishment: net::ERR_CONNECTION_REFUSED @ http://localhost:3001/at-leptos-ui-586d8b1e815a2f3d.js:557
[ 1395948ms] [WARNING] [events] WebSocket error @ http://localhost:3001/at-leptos-ui-586d8b1e815a2f3d.js:812
[ 1400975ms] [ERROR] WebSocket connection to 'ws://localhost:9090/api/events/ws' failed: Error in connection establishment: net::ERR_CONNECTION_REFUSED @ http://localhost:3001/at-leptos-ui-586d8b1e815a2f3d.js:557
[ 1400975ms] [WARNING] [events] WebSocket error @ http://localhost:3001/at-leptos-ui-586d8b1e815a2f3d.js:812
